

Version:	3.8
CmdLine:	C:\Users\akarmov\Dropbox\java\seaFight\out\artifacts\seaFight_jar\asd.exe --l4j-debug
WOW64:		yes
Working dir:	C:\Users\akarmov\Dropbox\java\seaFight\out\artifacts\seaFight_jar\.
64-bit search:	SOFTWARE\JavaSoft\Java Runtime Environment...
Check:		SOFTWARE\JavaSoft\Java Runtime Environment\1.7
Ignore:		1.7
Check:		SOFTWARE\JavaSoft\Java Runtime Environment\1.7.0_79
Check launcher:	C:\Program Files\Java\jre7\bin\javaw.exe (OK)
Match:		1.7.0_79
64-bit search:	SOFTWARE\JavaSoft\Java Development Kit...
Check:		SOFTWARE\JavaSoft\Java Development Kit\1.7
Ignore:		1.7
Check:		SOFTWARE\JavaSoft\Java Development Kit\1.7.0_79
Ignore:		1.7.0_79
Runtime used:	1.7.0_79 (64-bit)
Launcher:	C:\Program Files\Java\jre7\bin\javaw.exe
Launcher args:	-jar "C:\Users\akarmov\Dropbox\java\seaFight\out\artifacts\seaFight_jar\asd.exe"
Args length:	80/32768 chars
Exit code:	0


Version:	3.8
CmdLine:	C:\Users\akarmov\Dropbox\java\seaFight_backup\seaFight\out\artifacts\seaFight_jar\SeaFight.exe --l4j-debug
WOW64:		yes
Working dir:	C:\Users\akarmov\Dropbox\java\seaFight_backup\seaFight\out\artifacts\seaFight_jar\.
Bundled JRE:	C:\Program Files\Java\jre7
Check launcher:	C:\Program Files\Java\jre7\bin\javaw.exe (OK)
Launcher:	C:\Program Files\Java\jre7\bin\javaw.exe
Launcher args:	-jar "C:\Users\akarmov\Dropbox\java\seaFight_backup\seaFight\out\artifacts\seaFight_jar\SeaFight.exe"
Args length:	101/32768 chars
Exit code:	0
